<?xml version="1.0" encoding="UTF-8"?>
<!-- Generated by org.testng.reporters.JUnitReportReporter -->
<testsuite hostname="LAPTOP-41741T4J" name="retryAnalyzer.MyTest" tests="2" failures="0" timestamp="24 Sep 2022 05:16:25 GMT" time="0.000" errors="0">
  <testcase name="Test2" time="0.000" classname="retryAnalyzer.MyTest"/>
  <testcase name="Test1" time="0.000" classname="retryAnalyzer.MyTest"/>
</testsuite> <!-- retryAnalyzer.MyTest -->
