<?xml version="1.0" encoding="UTF-8"?>
<!-- Generated by org.testng.reporters.JUnitReportReporter -->
<testsuite hostname="LAPTOP-41741T4J" name="dataProvider.Test1" tests="2" failures="0" timestamp="24 Sep 2022 05:16:25 GMT" time="95.927" errors="0">
  <testcase name="loginVtiger" time="36.402" classname="dataProvider.Test1"/>
  <testcase name="loginVtiger" time="59.525" classname="dataProvider.Test1"/>
</testsuite> <!-- dataProvider.Test1 -->
