<?xml version="1.0" encoding="UTF-8"?>
<!-- Generated by org.testng.reporters.JUnitReportReporter -->
<testsuite hostname="LAPTOP-41741T4J" name="dropDown.DynamicDropDown" tests="2" failures="0" timestamp="24 Sep 2022 05:16:25 GMT" time="32.101" errors="0">
  <testcase name="start" time="32.101" classname="dropDown.DynamicDropDown"/>
  <testcase name="makemytrip" time="0.000" classname="dropDown.DynamicDropDown"/>
</testsuite> <!-- dropDown.DynamicDropDown -->
