<?xml version="1.0" encoding="UTF-8"?>
<!-- Generated by org.testng.reporters.JUnitReportReporter -->
<testsuite hostname="LAPTOP-41741T4J" name="actitimeTestNG.Actitime_InvocationCount" tests="5" failures="0" timestamp="24 Sep 2022 05:16:25 GMT" time="0.002" errors="0">
  <testcase name="openBrowserAndAppURL" time="0.002" classname="actitimeTestNG.Actitime_InvocationCount"/>
  <testcase name="openBrowserAndAppURL" time="0.000" classname="actitimeTestNG.Actitime_InvocationCount"/>
  <testcase name="openBrowserAndAppURL" time="0.000" classname="actitimeTestNG.Actitime_InvocationCount"/>
  <testcase name="openBrowserAndAppURL" time="0.000" classname="actitimeTestNG.Actitime_InvocationCount"/>
  <testcase name="openBrowserAndAppURL" time="0.000" classname="actitimeTestNG.Actitime_InvocationCount"/>
</testsuite> <!-- actitimeTestNG.Actitime_InvocationCount -->
