<?xml version="1.0" encoding="UTF-8"?>
<!-- Generated by org.testng.reporters.JUnitReportReporter -->
<testsuite hostname="LAPTOP-41741T4J" name="sample.NewTest" tests="1" failures="0" timestamp="24 Sep 2022 05:16:25 GMT" time="31.401" errors="0">
  <testcase name="testCase1" time="31.401" classname="sample.NewTest"/>
</testsuite> <!-- sample.NewTest -->
