<?xml version="1.0" encoding="UTF-8"?>
<!-- Generated by org.testng.reporters.JUnitReportReporter -->
<testsuite hostname="LAPTOP-41741T4J" name="sample.Sample3" tests="3" failures="0" timestamp="24 Sep 2022 05:16:25 GMT" time="0.001" errors="0">
  <testcase name="c_compose" time="0.000" classname="sample.Sample3"/>
  <testcase name="a_signUp" time="0.000" classname="sample.Sample3"/>
  <testcase name="b_login" time="0.001" classname="sample.Sample3"/>
</testsuite> <!-- sample.Sample3 -->
