<?xml version="1.0" encoding="UTF-8"?>
<!-- Generated by org.testng.reporters.JUnitReportReporter -->
<testsuite hostname="LAPTOP-41741T4J" name="dataProvider.IncludeExclude" tests="3" failures="0" timestamp="24 Sep 2022 05:16:25 GMT" time="0.016" errors="0">
  <testcase name="addDepartmentTestCase" time="0.014" classname="dataProvider.IncludeExclude"/>
  <testcase name="addLocationTestCase" time="0.001" classname="dataProvider.IncludeExclude"/>
  <testcase name="addEmployeeTestCase" time="0.001" classname="dataProvider.IncludeExclude"/>
</testsuite> <!-- dataProvider.IncludeExclude -->
