<?xml version="1.0" encoding="UTF-8"?>
<!-- Generated by org.testng.reporters.JUnitReportReporter -->
<testsuite hostname="LAPTOP-41741T4J" name="dataProvider.GroupExample" tests="6" failures="0" timestamp="24 Sep 2022 05:16:25 GMT" time="0.000" errors="0">
  <testcase name="Modulus" time="0.000" classname="dataProvider.GroupExample"/>
  <testcase name="Substraction" time="0.000" classname="dataProvider.GroupExample"/>
  <testcase name="Addition" time="0.000" classname="dataProvider.GroupExample"/>
  <testcase name="Multiplication" time="0.000" classname="dataProvider.GroupExample"/>
  <testcase name="Percentage" time="0.000" classname="dataProvider.GroupExample"/>
  <testcase name="Division" time="0.000" classname="dataProvider.GroupExample"/>
</testsuite> <!-- dataProvider.GroupExample -->
