<?xml version="1.0" encoding="UTF-8"?>
<!-- Generated by org.testng.reporters.JUnitReportReporter -->
<testsuite hostname="LAPTOP-41741T4J" name="pageObjectModel.TestContactPage" tests="2" failures="0" timestamp="24 Sep 2022 05:16:25 GMT" time="0.000" errors="0">
  <testcase name="testContactsCreation" time="0.000" classname="pageObjectModel.TestContactPage"/>
  <testcase name="testDeletionCreation" time="0.000" classname="pageObjectModel.TestContactPage"/>
</testsuite> <!-- pageObjectModel.TestContactPage -->
