<?xml version="1.0" encoding="UTF-8"?>
<!-- Generated by org.testng.reporters.JUnitReportReporter -->
<testsuite hostname="LAPTOP-41741T4J" name="actitimeTestNG.Actitime_Priority" tests="4" failures="0" timestamp="24 Sep 2022 05:16:25 GMT" time="0.001" errors="0">
  <testcase name="openBrowserAndAppURL" time="0.000" classname="actitimeTestNG.Actitime_Priority"/>
  <testcase name="createTask" time="0.001" classname="actitimeTestNG.Actitime_Priority"/>
  <testcase name="logoutClose" time="0.000" classname="actitimeTestNG.Actitime_Priority"/>
  <testcase name="login" time="0.000" classname="actitimeTestNG.Actitime_Priority"/>
</testsuite> <!-- actitimeTestNG.Actitime_Priority -->
