<?xml version="1.0" encoding="UTF-8"?>
<!-- Generated by org.testng.reporters.JUnitReportReporter -->
<testsuite hostname="LAPTOP-41741T4J" name="actitimeTestNG.Actitime_enabled" tests="2" failures="0" timestamp="24 Sep 2022 05:16:25 GMT" time="0.194" errors="0">
  <testcase name="createTask" time="0.000" classname="actitimeTestNG.Actitime_enabled"/>
  <testcase name="openBrowserAndAppURL" time="0.194" classname="actitimeTestNG.Actitime_enabled"/>
</testsuite> <!-- actitimeTestNG.Actitime_enabled -->
