<?xml version="1.0" encoding="UTF-8"?>
<!-- Generated by org.testng.reporters.JUnitReportReporter -->
<testsuite hostname="LAPTOP-41741T4J" name="actitimeTestNG.Actitime_ExceptionAndTimeout" tests="2" failures="0" timestamp="24 Sep 2022 05:16:25 GMT" time="0.006" errors="0">
  <testcase name="executetimeOut" time="0.006" classname="actitimeTestNG.Actitime_ExceptionAndTimeout"/>
  <testcase name="dividedByZeroExample1" time="0.000" classname="actitimeTestNG.Actitime_ExceptionAndTimeout"/>
</testsuite> <!-- actitimeTestNG.Actitime_ExceptionAndTimeout -->
