<?xml version="1.0" encoding="UTF-8"?>
<!-- Generated by org.testng.reporters.JUnitReportReporter -->
<testsuite hostname="LAPTOP-41741T4J" name="report.TestReport" tests="1" failures="0" timestamp="24 Sep 2022 05:16:25 GMT" time="26.454" errors="0">
  <testcase name="ReportTest1" time="26.454" classname="report.TestReport"/>
</testsuite> <!-- report.TestReport -->
