<?xml version="1.0" encoding="UTF-8"?>
<!-- Generated by org.testng.reporters.JUnitReportReporter -->
<testsuite hostname="LAPTOP-41741T4J" name="excelReading.ExcelReading" tests="4" failures="0" timestamp="24 Sep 2022 05:16:25 GMT" time="1.167" errors="0">
  <testcase name="getCellDetails" time="0.087" classname="excelReading.ExcelReading"/>
  <testcase name="getCellData" time="0.978" classname="excelReading.ExcelReading"/>
  <testcase name="readSheetDetails" time="0.045" classname="excelReading.ExcelReading"/>
  <testcase name="getRowDetails" time="0.057" classname="excelReading.ExcelReading"/>
</testsuite> <!-- excelReading.ExcelReading -->
