<?xml version="1.0" encoding="UTF-8"?>
<!-- Generated by org.testng.reporters.JUnitReportReporter -->
<testsuite hostname="LAPTOP-41741T4J" name="excelReading.ActitimeExcelData" tests="1" failures="0" timestamp="24 Sep 2022 05:10:00 GMT" time="57.220" errors="0">
  <testcase name="actitimeLogin" time="57.220" classname="excelReading.ActitimeExcelData"/>
</testsuite> <!-- excelReading.ActitimeExcelData -->
