<?xml version="1.0" encoding="UTF-8"?>
<!-- Generated by org.testng.reporters.JUnitReportReporter -->
<testsuite skipped="0" hostname="LAPTOP-41741T4J" name="testNG.simpleTest" tests="2" failures="0" timestamp="2022-09-10T13:47:01 IST" time="0.016" errors="0">
  <testcase name="test1" time="0.011" classname="testNG.simpleTest"/>
  <system-out/>
  <testcase name="test2" time="0.005" classname="testNG.simpleTest"/>
  <system-out/>
</testsuite> <!-- testNG.simpleTest -->
