<?xml version="1.0" encoding="UTF-8"?>
<!-- Generated by org.testng.reporters.JUnitReportReporter -->
<testsuite skipped="0" hostname="LAPTOP-41741T4J" name="dataProvider.Parameterization" tests="1" failures="0" timestamp="2022-09-12T19:31:53 IST" time="0.010" errors="0">
  <testcase name="test1" time="0.010" classname="dataProvider.Parameterization"/>
  <system-out/>
</testsuite> <!-- dataProvider.Parameterization -->
