<?xml version="1.0" encoding="UTF-8"?>
<!-- Generated by org.testng.reporters.JUnitReportReporter -->
<testsuite skipped="0" hostname="LAPTOP-41741T4J" name="testNG.AnoDependencies" tests="3" failures="0" timestamp="2022-09-10T14:02:42 IST" time="0.015" errors="0">
  <testcase name="test1" time="0.011" classname="testNG.AnoDependencies"/>
  <system-out/>
  <testcase name="test3" time="0.002" classname="testNG.AnoDependencies"/>
  <system-out/>
  <testcase name="test2" time="0.002" classname="testNG.AnoDependencies"/>
  <system-out/>
</testsuite> <!-- testNG.AnoDependencies -->
