<?xml version="1.0" encoding="UTF-8"?>
<!-- Generated by org.testng.reporters.JUnitReportReporter -->
<testsuite skipped="0" hostname="LAPTOP-41741T4J" name="testNG.DataProvider1" tests="2" failures="0" timestamp="2022-09-10T14:27:55 IST" time="0.009" errors="0">
  <testcase name="test1" time="0.001" classname="testNG.DataProvider1"/>
  <system-out/>
  <testcase name="test1" time="0.008" classname="testNG.DataProvider1"/>
  <system-out/>
</testsuite> <!-- testNG.DataProvider1 -->
