<?xml version="1.0" encoding="UTF-8"?>
<!-- Generated by org.testng.reporters.JUnitReportReporter -->
<testsuite skipped="0" hostname="LAPTOP-41741T4J" name="dataProvider.ParallelExecution" tests="2" failures="0" timestamp="2022-09-12T21:03:55 IST" time="27.693" errors="0">
  <testcase name="loginVtiger" time="0.269" classname="dataProvider.ParallelExecution"/>
  <system-out/>
  <testcase name="loginVtiger" time="27.424" classname="dataProvider.ParallelExecution"/>
  <system-out/>
</testsuite> <!-- dataProvider.ParallelExecution -->
