<?xml version="1.0" encoding="UTF-8"?>
<!-- Generated by org.testng.reporters.JUnitReportReporter -->
<testsuite skipped="1" hostname="LAPTOP-41741T4J" name="testNG.AnoPriority" tests="3" failures="0" timestamp="2022-09-10T13:59:27 IST" time="0.017" errors="0">
  <testcase name="test3" time="0.002" classname="testNG.AnoPriority"/>
  <system-out/>
  <testcase name="test1" time="0.015" classname="testNG.AnoPriority"/>
  <system-out/>
  <testcase name="test2" classname="testNG.AnoPriority">
    <skipped/>
  </testcase> <!-- test2 -->
  <system-out/>
</testsuite> <!-- testNG.AnoPriority -->
